<?xml version="1.0" encoding="UTF-8"?>
<testsuite xmlns:xsi="http://www.w3.org/2001/XMLSchema-instance" xsi:noNamespaceSchemaLocation="https://maven.apache.org/surefire/maven-surefire-plugin/xsd/surefire-test-report-3.0.xsd" version="3.0" name="TestSuite" time="0.604" tests="3" errors="0" skipped="0" failures="0">
  <properties>
[...]
</properties>
  <testcase name="MultiplyTest" classname="CalculatorTest" time="0.003">
    <system-out><![CDATA[Setup
]]></system-out>
  </testcase>
  <testcase name="sumTest" classname="CalculatorTest" time="0"/>
  <testcase name="dummyTestcase" classname="DummyTest" time="0.001">
    <system-out><![CDATA[dummy testcase
]]></system-out>
  </testcase>
</testsuite>